Started at Mon Sep 21 21:03:56 BST 2020
Checking AutoFill
Checking Buttons
Checking CDN-Server
Checking CloudTables
Checking ColReorder
Checking DataTablesSrc
Checking Editor
Checking FixedColumns
Checking FixedHeader
Checking Hourly Website
Checking KeyTable
Checking Nightly DataTables Performance
Checking Nightly Editor
Checking Plugins
Checking Responsive
Checking RowGroup
Checking RowReorder
Checking Scroller
Checking SearchBuilder
Checking SearchPanes
Checking Select
Finished at Mon Sep 21 21:03:56 BST 2020. 4ms
